生成启动时间为 2017/6/16 10:27:02。
     1>项目“D:\DataStructure\ParkManagerialSystem\ParkManagerialSystem\ParkManagerialSystem.vcxproj”在节点 2 上(Build 个目标)。
     1>ClCompile:
         D:\Program Files\Microsoft Visual Studio 14.0\VC\bin\CL.exe /c /ZI /nologo /W3 /WX- /Od /Oy- /D WIN32 /D _DEBUG /D _CONSOLE /Gm /EHsc /RTC1 /MDd /GS /fp:precise /Zc:wchar_t /Zc:forScope /Zc:inline /Yc"stdafx.h" /Fp"Debug\ParkManagerialSystem.pch" /Fo"Debug\\" /Fd"Debug\vc140.pdb" /Gd /TP /analyze- /errorReport:prompt stdafx.cpp
         stdafx.cpp
     1>d:\datastructure\parkmanagerialsystem\parkmanagerialsystem\parkinglot.h(9): warning C4005: “INFINITY”: 宏重定义
         c:\program files (x86)\windows kits\10\include\10.0.10150.0\ucrt\math.h(78): note: 参见“INFINITY”的前一个定义
         D:\Program Files\Microsoft Visual Studio 14.0\VC\bin\CL.exe /c /ZI /nologo /W3 /WX- /Od /Oy- /D WIN32 /D _DEBUG /D _CONSOLE /Gm /EHsc /RTC1 /MDd /GS /fp:precise /Zc:wchar_t /Zc:forScope /Zc:inline /Yu"stdafx.h" /Fp"Debug\ParkManagerialSystem.pch" /Fo"Debug\\" /Fd"Debug\vc140.pdb" /Gd /TP /analyze- /errorReport:prompt ParkManagerialSystem.cpp Queue.cpp
         Queue.cpp
     1>d:\datastructure\parkmanagerialsystem\parkmanagerialsystem\queue.cpp(14): warning C4005: “OVERFLOW”: 宏重定义
         c:\program files (x86)\windows kits\10\include\10.0.10150.0\ucrt\math.h(954): note: 参见“OVERFLOW”的前一个定义
         ParkManagerialSystem.cpp
     1>d:\datastructure\parkmanagerialsystem\parkmanagerialsystem\parkmanagerialsystem.cpp(28): warning C4244: “参数”: 从“time_t”转换到“unsigned int”，可能丢失数据
     1>d:\datastructure\parkmanagerialsystem\parkmanagerialsystem\parkmanagerialsystem.cpp(37): warning C4996: 'getch': The POSIX name for this item is deprecated. Instead, use the ISO C and C++ conformant name: _getch. See online help for details.
         c:\program files (x86)\windows kits\10\include\10.0.10150.0\ucrt\conio.h(452): note: 参见“getch”的声明
     1>d:\datastructure\parkmanagerialsystem\parkmanagerialsystem\parkmanagerialsystem.cpp(42): warning C4996: 'fopen': This function or variable may be unsafe. Consider using fopen_s instead. To disable deprecation, use _CRT_SECURE_NO_WARNINGS. See online help for details.
         c:\program files (x86)\windows kits\10\include\10.0.10150.0\ucrt\stdio.h(205): note: 参见“fopen”的声明
     1>d:\datastructure\parkmanagerialsystem\parkmanagerialsystem\parkmanagerialsystem.cpp(226): warning C4996: 'fopen': This function or variable may be unsafe. Consider using fopen_s instead. To disable deprecation, use _CRT_SECURE_NO_WARNINGS. See online help for details.
         c:\program files (x86)\windows kits\10\include\10.0.10150.0\ucrt\stdio.h(205): note: 参见“fopen”的声明
         正在生成代码...
       Link:
         D:\Program Files\Microsoft Visual Studio 14.0\VC\bin\link.exe /ERRORREPORT:PROMPT /OUT:"D:\DataStructure\ParkManagerialSystem\Debug\ParkManagerialSystem.exe" /INCREMENTAL /NOLOGO kernel32.lib user32.lib gdi32.lib winspool.lib comdlg32.lib advapi32.lib shell32.lib ole32.lib oleaut32.lib uuid.lib odbc32.lib odbccp32.lib /MANIFEST /MANIFESTUAC:"level='asInvoker' uiAccess='false'" /manifest:embed /Debug /PDB:"D:\DataStructure\ParkManagerialSystem\Debug\ParkManagerialSystem.pdb" /SUBSYSTEM:CONSOLE /STACK:"1000000" /TLBID:1 /DYNAMICBASE /NXCOMPAT /IMPLIB:"D:\DataStructure\ParkManagerialSystem\Debug\ParkManagerialSystem.lib" /MACHINE:X86 Debug\ParkManagerialSystem.obj
         Debug\Queue.obj
         Debug\stdafx.obj
         ParkManagerialSystem.vcxproj -> D:\DataStructure\ParkManagerialSystem\Debug\ParkManagerialSystem.exe
     1>已完成生成项目“D:\DataStructure\ParkManagerialSystem\ParkManagerialSystem\ParkManagerialSystem.vcxproj”(Build 个目标)的操作。

已成功生成。

已用时间 00:00:05.98
